<?xml version="1.0" encoding="UTF-8"?>
<coverage generated="1642565889082" clover="3.2.0">
  <project timestamp="1642565889082" name="All files">
    <metrics statements="254" coveredstatements="215" conditionals="54" coveredconditionals="47" methods="97" coveredmethods="63" elements="405" coveredelements="325" complexity="0" loc="254" ncloc="254" packages="6" files="16" classes="16">
      <package name="API">
        <metrics statements="1" coveredstatements="1" conditionals="0" coveredconditionals="0" methods="0" coveredmethods="0"/>
        <file name="knexfile.js" path="C:\Users\leonardo\Desktop\tripAcc-backEnd\API\knexfile.js">
          <metrics statements="1" coveredstatements="1" conditionals="0" coveredconditionals="0" methods="0" coveredmethods="0"/>
          <line num="1" count="6" type="stmt"/>
        </file>
      </package>
      <package name="API.src">
        <metrics statements="17" coveredstatements="16" conditionals="4" coveredconditionals="2" methods="3" coveredmethods="3"/>
        <file name="app.js" path="C:\Users\leonardo\Desktop\tripAcc-backEnd\API\src\app.js">
          <metrics statements="15" coveredstatements="14" conditionals="4" coveredconditionals="2" methods="2" coveredmethods="2"/>
          <line num="1" count="6" type="stmt"/>
          <line num="2" count="6" type="stmt"/>
          <line num="4" count="6" type="stmt"/>
          <line num="5" count="6" type="stmt"/>
          <line num="7" count="6" type="stmt"/>
          <line num="9" count="6" type="stmt"/>
          <line num="17" count="6" type="stmt"/>
          <line num="18" count="1" type="stmt"/>
          <line num="21" count="6" type="stmt"/>
          <line num="22" count="20" type="stmt"/>
          <line num="23" count="20" type="cond" truecount="1" falsecount="1"/>
          <line num="24" count="20" type="cond" truecount="1" falsecount="1"/>
          <line num="25" count="20" type="stmt"/>
          <line num="26" count="0" type="stmt"/>
          <line num="29" count="6" type="stmt"/>
        </file>
        <file name="constant.js" path="C:\Users\leonardo\Desktop\tripAcc-backEnd\API\src\constant.js">
          <metrics statements="2" coveredstatements="2" conditionals="0" coveredconditionals="0" methods="1" coveredmethods="1"/>
          <line num="2" count="6" type="stmt"/>
          <line num="8" count="6" type="stmt"/>
        </file>
      </package>
      <package name="API.src.config">
        <metrics statements="28" coveredstatements="26" conditionals="2" coveredconditionals="1" methods="7" coveredmethods="6"/>
        <file name="middlewares.js" path="C:\Users\leonardo\Desktop\tripAcc-backEnd\API\src\config\middlewares.js">
          <metrics statements="5" coveredstatements="5" conditionals="0" coveredconditionals="0" methods="1" coveredmethods="1"/>
          <line num="1" count="6" type="stmt"/>
          <line num="2" count="6" type="stmt"/>
          <line num="4" count="6" type="stmt"/>
          <line num="5" count="6" type="stmt"/>
          <line num="7" count="6" type="stmt"/>
        </file>
        <file name="passport.js" path="C:\Users\leonardo\Desktop\tripAcc-backEnd\API\src\config\passport.js">
          <metrics statements="14" coveredstatements="12" conditionals="2" coveredconditionals="1" methods="5" coveredmethods="4"/>
          <line num="1" count="6" type="stmt"/>
          <line num="2" count="6" type="stmt"/>
          <line num="4" count="6" type="stmt"/>
          <line num="6" count="6" type="stmt"/>
          <line num="8" count="6" type="stmt"/>
          <line num="9" count="6" type="stmt"/>
          <line num="14" count="6" type="stmt"/>
          <line num="15" count="34" type="stmt"/>
          <line num="17" count="34" type="cond" truecount="1" falsecount="1"/>
          <line num="18" count="0" type="stmt"/>
          <line num="19" count="0" type="stmt"/>
          <line num="22" count="6" type="stmt"/>
          <line num="24" count="6" type="stmt"/>
          <line num="25" count="6" type="stmt"/>
        </file>
        <file name="router.js" path="C:\Users\leonardo\Desktop\tripAcc-backEnd\API\src\config\router.js">
          <metrics statements="9" coveredstatements="9" conditionals="0" coveredconditionals="0" methods="1" coveredmethods="1"/>
          <line num="1" count="6" type="stmt"/>
          <line num="3" count="6" type="stmt"/>
          <line num="4" count="6" type="stmt"/>
          <line num="6" count="6" type="stmt"/>
          <line num="8" count="6" type="stmt"/>
          <line num="9" count="6" type="stmt"/>
          <line num="10" count="6" type="stmt"/>
          <line num="11" count="6" type="stmt"/>
          <line num="12" count="6" type="stmt"/>
        </file>
      </package>
      <package name="API.src.errors">
        <metrics statements="3" coveredstatements="3" conditionals="0" coveredconditionals="0" methods="1" coveredmethods="1"/>
        <file name="validationError.js" path="C:\Users\leonardo\Desktop\tripAcc-backEnd\API\src\errors\validationError.js">
          <metrics statements="3" coveredstatements="3" conditionals="0" coveredconditionals="0" methods="1" coveredmethods="1"/>
          <line num="1" count="6" type="stmt"/>
          <line num="2" count="20" type="stmt"/>
          <line num="3" count="20" type="stmt"/>
        </file>
      </package>
      <package name="API.src.routes">
        <metrics statements="126" coveredstatements="95" conditionals="4" coveredconditionals="4" methods="61" coveredmethods="33"/>
        <file name="auths.js" path="C:\Users\leonardo\Desktop\tripAcc-backEnd\API\src\routes\auths.js">
          <metrics statements="22" coveredstatements="21" conditionals="4" coveredconditionals="4" methods="5" coveredmethods="5"/>
          <line num="1" count="6" type="stmt"/>
          <line num="2" count="6" type="stmt"/>
          <line num="3" count="6" type="stmt"/>
          <line num="4" count="6" type="stmt"/>
          <line num="6" count="6" type="stmt"/>
          <line num="8" count="6" type="stmt"/>
          <line num="9" count="6" type="stmt"/>
          <line num="11" count="6" type="stmt"/>
          <line num="12" count="3" type="stmt"/>
          <line num="14" count="3" type="cond" truecount="2" falsecount="0"/>
          <line num="15" count="2" type="cond" truecount="2" falsecount="0"/>
          <line num="16" count="1" type="stmt"/>
          <line num="21" count="1" type="stmt"/>
          <line num="22" count="1" type="stmt"/>
          <line num="23" count="1" type="stmt"/>
          <line num="24" count="2" type="stmt"/>
          <line num="27" count="6" type="stmt"/>
          <line num="28" count="1" type="stmt"/>
          <line num="29" count="1" type="stmt"/>
          <line num="30" count="1" type="stmt"/>
          <line num="32" count="0" type="stmt"/>
          <line num="36" count="6" type="stmt"/>
        </file>
        <file name="despesas.js" path="C:\Users\leonardo\Desktop\tripAcc-backEnd\API\src\routes\despesas.js">
          <metrics statements="25" coveredstatements="19" conditionals="0" coveredconditionals="0" methods="14" coveredmethods="8"/>
          <line num="1" count="6" type="stmt"/>
          <line num="3" count="6" type="stmt"/>
          <line num="4" count="6" type="stmt"/>
          <line num="6" count="6" type="stmt"/>
          <line num="7" count="1" type="stmt"/>
          <line num="8" count="1" type="stmt"/>
          <line num="9" count="0" type="stmt"/>
          <line num="12" count="6" type="stmt"/>
          <line num="13" count="4" type="stmt"/>
          <line num="14" count="4" type="stmt"/>
          <line num="15" count="1" type="stmt"/>
          <line num="17" count="3" type="stmt"/>
          <line num="21" count="6" type="stmt"/>
          <line num="22" count="0" type="stmt"/>
          <line num="23" count="0" type="stmt"/>
          <line num="24" count="0" type="stmt"/>
          <line num="27" count="6" type="stmt"/>
          <line num="28" count="4" type="stmt"/>
          <line num="29" count="1" type="stmt"/>
          <line num="30" count="0" type="stmt"/>
          <line num="33" count="6" type="stmt"/>
          <line num="34" count="1" type="stmt"/>
          <line num="35" count="1" type="stmt"/>
          <line num="36" count="0" type="stmt"/>
          <line num="39" count="6" type="stmt"/>
        </file>
        <file name="groups.js" path="C:\Users\leonardo\Desktop\tripAcc-backEnd\API\src\routes\groups.js">
          <metrics statements="25" coveredstatements="19" conditionals="0" coveredconditionals="0" methods="14" coveredmethods="8"/>
          <line num="1" count="6" type="stmt"/>
          <line num="3" count="6" type="stmt"/>
          <line num="4" count="6" type="stmt"/>
          <line num="6" count="6" type="stmt"/>
          <line num="7" count="1" type="stmt"/>
          <line num="8" count="1" type="stmt"/>
          <line num="9" count="0" type="stmt"/>
          <line num="12" count="6" type="stmt"/>
          <line num="13" count="3" type="stmt"/>
          <line num="14" count="3" type="stmt"/>
          <line num="15" count="1" type="stmt"/>
          <line num="17" count="2" type="stmt"/>
          <line num="21" count="6" type="stmt"/>
          <line num="22" count="0" type="stmt"/>
          <line num="23" count="0" type="stmt"/>
          <line num="24" count="0" type="stmt"/>
          <line num="27" count="6" type="stmt"/>
          <line num="28" count="4" type="stmt"/>
          <line num="29" count="2" type="stmt"/>
          <line num="30" count="0" type="stmt"/>
          <line num="33" count="6" type="stmt"/>
          <line num="34" count="1" type="stmt"/>
          <line num="35" count="1" type="stmt"/>
          <line num="36" count="0" type="stmt"/>
          <line num="39" count="6" type="stmt"/>
        </file>
        <file name="groupusers.js" path="C:\Users\leonardo\Desktop\tripAcc-backEnd\API\src\routes\groupusers.js">
          <metrics statements="29" coveredstatements="20" conditionals="0" coveredconditionals="0" methods="17" coveredmethods="8"/>
          <line num="1" count="6" type="stmt"/>
          <line num="3" count="6" type="stmt"/>
          <line num="4" count="6" type="stmt"/>
          <line num="6" count="6" type="stmt"/>
          <line num="7" count="1" type="stmt"/>
          <line num="8" count="1" type="stmt"/>
          <line num="9" count="0" type="stmt"/>
          <line num="12" count="6" type="stmt"/>
          <line num="13" count="3" type="stmt"/>
          <line num="14" count="3" type="stmt"/>
          <line num="15" count="1" type="stmt"/>
          <line num="17" count="2" type="stmt"/>
          <line num="21" count="6" type="stmt"/>
          <line num="22" count="0" type="stmt"/>
          <line num="23" count="0" type="stmt"/>
          <line num="24" count="0" type="stmt"/>
          <line num="27" count="6" type="stmt"/>
          <line num="28" count="0" type="stmt"/>
          <line num="29" count="0" type="stmt"/>
          <line num="30" count="0" type="stmt"/>
          <line num="33" count="6" type="stmt"/>
          <line num="34" count="3" type="stmt"/>
          <line num="35" count="1" type="stmt"/>
          <line num="36" count="0" type="stmt"/>
          <line num="39" count="6" type="stmt"/>
          <line num="40" count="1" type="stmt"/>
          <line num="41" count="1" type="stmt"/>
          <line num="42" count="0" type="stmt"/>
          <line num="45" count="6" type="stmt"/>
        </file>
        <file name="users.js" path="C:\Users\leonardo\Desktop\tripAcc-backEnd\API\src\routes\users.js">
          <metrics statements="25" coveredstatements="16" conditionals="0" coveredconditionals="0" methods="11" coveredmethods="4"/>
          <line num="1" count="6" type="stmt"/>
          <line num="2" count="6" type="stmt"/>
          <line num="3" count="6" type="stmt"/>
          <line num="5" count="6" type="stmt"/>
          <line num="6" count="6" type="stmt"/>
          <line num="8" count="6" type="stmt"/>
          <line num="9" count="0" type="stmt"/>
          <line num="10" count="0" type="stmt"/>
          <line num="11" count="0" type="stmt"/>
          <line num="12" count="0" type="stmt"/>
          <line num="19" count="0" type="stmt"/>
          <line num="22" count="6" type="stmt"/>
          <line num="23" count="1" type="stmt"/>
          <line num="24" count="1" type="stmt"/>
          <line num="25" count="0" type="stmt"/>
          <line num="28" count="6" type="stmt"/>
          <line num="29" count="6" type="stmt"/>
          <line num="30" count="6" type="stmt"/>
          <line num="31" count="2" type="stmt"/>
          <line num="33" count="4" type="stmt"/>
          <line num="37" count="6" type="stmt"/>
          <line num="38" count="0" type="stmt"/>
          <line num="39" count="0" type="stmt"/>
          <line num="40" count="0" type="stmt"/>
          <line num="43" count="6" type="stmt"/>
        </file>
      </package>
      <package name="API.src.services">
        <metrics statements="79" coveredstatements="74" conditionals="44" coveredconditionals="40" methods="25" coveredmethods="20"/>
        <file name="despesas.js" path="C:\Users\leonardo\Desktop\tripAcc-backEnd\API\src\services\despesas.js">
          <metrics statements="19" coveredstatements="18" conditionals="14" coveredconditionals="13" methods="6" coveredmethods="5"/>
          <line num="1" count="6" type="stmt"/>
          <line num="3" count="6" type="stmt"/>
          <line num="4" count="6" type="cond" truecount="1" falsecount="0"/>
          <line num="5" count="1" type="stmt"/>
          <line num="8" count="6" type="stmt"/>
          <line num="9" count="4" type="cond" truecount="2" falsecount="0"/>
          <line num="10" count="3" type="cond" truecount="2" falsecount="0"/>
          <line num="11" count="2" type="cond" truecount="2" falsecount="0"/>
          <line num="13" count="1" type="stmt"/>
          <line num="16" count="6" type="cond" truecount="0" falsecount="1"/>
          <line num="17" count="0" type="stmt"/>
          <line num="20" count="6" type="stmt"/>
          <line num="21" count="4" type="cond" truecount="2" falsecount="0"/>
          <line num="22" count="3" type="cond" truecount="2" falsecount="0"/>
          <line num="23" count="2" type="cond" truecount="2" falsecount="0"/>
          <line num="24" count="1" type="stmt"/>
          <line num="29" count="6" type="stmt"/>
          <line num="30" count="1" type="stmt"/>
          <line num="35" count="6" type="stmt"/>
        </file>
        <file name="group.js" path="C:\Users\leonardo\Desktop\tripAcc-backEnd\API\src\services\group.js">
          <metrics statements="18" coveredstatements="17" conditionals="10" coveredconditionals="9" methods="6" coveredmethods="5"/>
          <line num="1" count="6" type="stmt"/>
          <line num="3" count="6" type="stmt"/>
          <line num="4" count="6" type="cond" truecount="1" falsecount="0"/>
          <line num="5" count="1" type="stmt"/>
          <line num="8" count="6" type="stmt"/>
          <line num="9" count="3" type="cond" truecount="2" falsecount="0"/>
          <line num="10" count="2" type="cond" truecount="2" falsecount="0"/>
          <line num="12" count="1" type="stmt"/>
          <line num="15" count="6" type="cond" truecount="0" falsecount="1"/>
          <line num="16" count="0" type="stmt"/>
          <line num="19" count="6" type="stmt"/>
          <line num="20" count="4" type="cond" truecount="2" falsecount="0"/>
          <line num="21" count="3" type="cond" truecount="2" falsecount="0"/>
          <line num="23" count="2" type="stmt"/>
          <line num="29" count="6" type="stmt"/>
          <line num="30" count="1" type="stmt"/>
          <line num="33" count="1" type="stmt"/>
          <line num="38" count="6" type="stmt"/>
        </file>
        <file name="groupMembers.js" path="C:\Users\leonardo\Desktop\tripAcc-backEnd\API\src\services\groupMembers.js">
          <metrics statements="19" coveredstatements="17" conditionals="10" coveredconditionals="9" methods="7" coveredmethods="5"/>
          <line num="1" count="6" type="stmt"/>
          <line num="3" count="6" type="stmt"/>
          <line num="4" count="6" type="cond" truecount="1" falsecount="0"/>
          <line num="5" count="1" type="stmt"/>
          <line num="8" count="6" type="stmt"/>
          <line num="9" count="3" type="cond" truecount="2" falsecount="0"/>
          <line num="10" count="2" type="cond" truecount="2" falsecount="0"/>
          <line num="11" count="1" type="stmt"/>
          <line num="14" count="6" type="cond" truecount="0" falsecount="1"/>
          <line num="15" count="0" type="stmt"/>
          <line num="19" count="6" type="stmt"/>
          <line num="20" count="0" type="stmt"/>
          <line num="23" count="6" type="stmt"/>
          <line num="24" count="3" type="cond" truecount="2" falsecount="0"/>
          <line num="25" count="2" type="cond" truecount="2" falsecount="0"/>
          <line num="26" count="1" type="stmt"/>
          <line num="31" count="6" type="stmt"/>
          <line num="32" count="1" type="stmt"/>
          <line num="37" count="6" type="stmt"/>
        </file>
        <file name="user.js" path="C:\Users\leonardo\Desktop\tripAcc-backEnd\API\src\services\user.js">
          <metrics statements="23" coveredstatements="22" conditionals="10" coveredconditionals="9" methods="6" coveredmethods="5"/>
          <line num="1" count="6" type="stmt"/>
          <line num="2" count="6" type="stmt"/>
          <line num="4" count="6" type="stmt"/>
          <line num="5" count="6" type="cond" truecount="1" falsecount="0"/>
          <line num="6" count="1" type="stmt"/>
          <line num="9" count="6" type="cond" truecount="0" falsecount="1"/>
          <line num="10" count="48" type="stmt"/>
          <line num="11" count="48" type="stmt"/>
          <line num="14" count="6" type="stmt"/>
          <line num="15" count="9" type="stmt"/>
          <line num="16" count="9" type="stmt"/>
          <line num="19" count="6" type="stmt"/>
          <line num="20" count="13" type="cond" truecount="2" falsecount="0"/>
          <line num="21" count="12" type="cond" truecount="2" falsecount="0"/>
          <line num="22" count="11" type="cond" truecount="2" falsecount="0"/>
          <line num="24" count="10" type="stmt"/>
          <line num="25" count="10" type="cond" truecount="2" falsecount="0"/>
          <line num="27" count="9" type="stmt"/>
          <line num="28" count="9" type="stmt"/>
          <line num="29" count="9" type="stmt"/>
          <line num="32" count="6" type="stmt"/>
          <line num="33" count="0" type="stmt"/>
          <line num="38" count="6" type="stmt"/>
        </file>
      </package>
    </metrics>
  </project>
</coverage>
