{"C:\\Users\\leonardo\\Desktop\\tripAcc-backEnd\\API\\knexfile.js": {"path":"C:\\Users\\leonardo\\Desktop\\tripAcc-backEnd\\API\\knexfile.js","statementMap":{"0":{"start":{"line":1,"column":0},"end":{"line":21,"column":2}}},"fnMap":{},"branchMap":{},"s":{"0":6},"f":{},"b":{},"_coverageSchema":"332fd63041d2c1bcb487cc26dd0d5f7d97098a6c","hash":"3570426f46f0220a67e0b01586950746dd27c2bf"}
,"C:\\Users\\leonardo\\Desktop\\tripAcc-backEnd\\API\\src\\app.js": {"path":"C:\\Users\\leonardo\\Desktop\\tripAcc-backEnd\\API\\src\\app.js","statementMap":{"0":{"start":{"line":1,"column":12},"end":{"line":1,"column":32}},"1":{"start":{"line":2,"column":16},"end":{"line":2,"column":34}},"2":{"start":{"line":4,"column":13},"end":{"line":4,"column":28}},"3":{"start":{"line":5,"column":17},"end":{"line":5,"column":39}},"4":{"start":{"line":7,"column":0},"end":{"line":7,"column":29}},"5":{"start":{"line":9,"column":0},"end":{"line":15,"column":13}},"6":{"start":{"line":17,"column":0},"end":{"line":19,"column":3}},"7":{"start":{"line":18,"column":2},"end":{"line":18,"column":25}},"8":{"start":{"line":21,"column":0},"end":{"line":27,"column":3}},"9":{"start":{"line":22,"column":35},"end":{"line":22,"column":38}},"10":{"start":{"line":23,"column":2},"end":{"line":23,"column":75}},"11":{"start":{"line":23,"column":34},"end":{"line":23,"column":75}},"12":{"start":{"line":24,"column":2},"end":{"line":25,"column":54}},"13":{"start":{"line":24,"column":33},"end":{"line":24,"column":74}},"14":{"start":{"line":25,"column":7},"end":{"line":25,"column":54}},"15":{"start":{"line":26,"column":2},"end":{"line":26,"column":12}},"16":{"start":{"line":29,"column":0},"end":{"line":29,"column":21}}},"fnMap":{"0":{"name":"(anonymous_0)","decl":{"start":{"line":17,"column":13},"end":{"line":17,"column":14}},"loc":{"start":{"line":17,"column":27},"end":{"line":19,"column":1}},"line":17},"1":{"name":"(anonymous_1)","decl":{"start":{"line":21,"column":8},"end":{"line":21,"column":9}},"loc":{"start":{"line":21,"column":33},"end":{"line":27,"column":1}},"line":21}},"branchMap":{"0":{"loc":{"start":{"line":23,"column":2},"end":{"line":23,"column":75}},"type":"if","locations":[{"start":{"line":23,"column":2},"end":{"line":23,"column":75}},{"start":{"line":23,"column":2},"end":{"line":23,"column":75}}],"line":23},"1":{"loc":{"start":{"line":24,"column":2},"end":{"line":25,"column":54}},"type":"if","locations":[{"start":{"line":24,"column":2},"end":{"line":25,"column":54}},{"start":{"line":24,"column":2},"end":{"line":25,"column":54}}],"line":24}},"s":{"0":6,"1":6,"2":6,"3":6,"4":6,"5":6,"6":6,"7":1,"8":6,"9":20,"10":20,"11":20,"12":20,"13":0,"14":20,"15":0,"16":6},"f":{"0":1,"1":20},"b":{"0":[20,0],"1":[0,20]},"_coverageSchema":"332fd63041d2c1bcb487cc26dd0d5f7d97098a6c","hash":"3fa626b0a5f3330ea7d74a647ec10f96346f7c9f"}
,"C:\\Users\\leonardo\\Desktop\\tripAcc-backEnd\\API\\src\\constant.js": {"path":"C:\\Users\\leonardo\\Desktop\\tripAcc-backEnd\\API\\src\\constant.js","statementMap":{"0":{"start":{"line":2,"column":2},"end":{"line":5,"column":5}},"1":{"start":{"line":8,"column":0},"end":{"line":8,"column":36}}},"fnMap":{"0":{"name":"define","decl":{"start":{"line":1,"column":9},"end":{"line":1,"column":15}},"loc":{"start":{"line":1,"column":29},"end":{"line":6,"column":1}},"line":1}},"branchMap":{},"s":{"0":6,"1":6},"f":{"0":6},"b":{},"_coverageSchema":"332fd63041d2c1bcb487cc26dd0d5f7d97098a6c","hash":"3dcc6fd7d7414749bb58d5c233e435e2c3848559"}
,"C:\\Users\\leonardo\\Desktop\\tripAcc-backEnd\\API\\src\\config\\middlewares.js": {"path":"C:\\Users\\leonardo\\Desktop\\tripAcc-backEnd\\API\\src\\config\\middlewares.js","statementMap":{"0":{"start":{"line":1,"column":19},"end":{"line":1,"column":41}},"1":{"start":{"line":2,"column":13},"end":{"line":2,"column":28}},"2":{"start":{"line":4,"column":0},"end":{"line":8,"column":2}},"3":{"start":{"line":5,"column":2},"end":{"line":5,"column":29}},"4":{"start":{"line":7,"column":2},"end":{"line":7,"column":18}}},"fnMap":{"0":{"name":"(anonymous_0)","decl":{"start":{"line":4,"column":17},"end":{"line":4,"column":18}},"loc":{"start":{"line":4,"column":26},"end":{"line":8,"column":1}},"line":4}},"branchMap":{},"s":{"0":6,"1":6,"2":6,"3":6,"4":6},"f":{"0":6},"b":{},"_coverageSchema":"332fd63041d2c1bcb487cc26dd0d5f7d97098a6c","hash":"85b566bf801466f33d49c85281798bdd0af3c6b9"}
,"C:\\Users\\leonardo\\Desktop\\tripAcc-backEnd\\API\\src\\config\\passport.js": {"path":"C:\\Users\\leonardo\\Desktop\\tripAcc-backEnd\\API\\src\\config\\passport.js","statementMap":{"0":{"start":{"line":1,"column":17},"end":{"line":1,"column":36}},"1":{"start":{"line":2,"column":20},"end":{"line":2,"column":43}},"2":{"start":{"line":4,"column":15},"end":{"line":4,"column":32}},"3":{"start":{"line":6,"column":33},"end":{"line":6,"column":44}},"4":{"start":{"line":8,"column":0},"end":{"line":27,"column":2}},"5":{"start":{"line":9,"column":17},"end":{"line":12,"column":3}},"6":{"start":{"line":14,"column":19},"end":{"line":20,"column":4}},"7":{"start":{"line":15,"column":4},"end":{"line":19,"column":42}},"8":{"start":{"line":17,"column":8},"end":{"line":18,"column":31}},"9":{"start":{"line":17,"column":18},"end":{"line":17,"column":45}},"10":{"start":{"line":18,"column":13},"end":{"line":18,"column":31}},"11":{"start":{"line":19,"column":24},"end":{"line":19,"column":40}},"12":{"start":{"line":22,"column":2},"end":{"line":22,"column":25}},"13":{"start":{"line":24,"column":2},"end":{"line":26,"column":4}},"14":{"start":{"line":25,"column":24},"end":{"line":25,"column":72}}},"fnMap":{"0":{"name":"(anonymous_0)","decl":{"start":{"line":8,"column":17},"end":{"line":8,"column":18}},"loc":{"start":{"line":8,"column":26},"end":{"line":27,"column":1}},"line":8},"1":{"name":"(anonymous_1)","decl":{"start":{"line":14,"column":40},"end":{"line":14,"column":41}},"loc":{"start":{"line":14,"column":59},"end":{"line":20,"column":3}},"line":14},"2":{"name":"(anonymous_2)","decl":{"start":{"line":16,"column":12},"end":{"line":16,"column":13}},"loc":{"start":{"line":16,"column":22},"end":{"line":19,"column":7}},"line":16},"3":{"name":"(anonymous_3)","decl":{"start":{"line":19,"column":15},"end":{"line":19,"column":16}},"loc":{"start":{"line":19,"column":24},"end":{"line":19,"column":40}},"line":19},"4":{"name":"(anonymous_4)","decl":{"start":{"line":25,"column":18},"end":{"line":25,"column":19}},"loc":{"start":{"line":25,"column":24},"end":{"line":25,"column":72}},"line":25}},"branchMap":{"0":{"loc":{"start":{"line":17,"column":8},"end":{"line":18,"column":31}},"type":"if","locations":[{"start":{"line":17,"column":8},"end":{"line":18,"column":31}},{"start":{"line":17,"column":8},"end":{"line":18,"column":31}}],"line":17}},"s":{"0":6,"1":6,"2":6,"3":6,"4":6,"5":6,"6":6,"7":34,"8":34,"9":34,"10":0,"11":0,"12":6,"13":6,"14":6},"f":{"0":6,"1":34,"2":34,"3":0,"4":6},"b":{"0":[34,0]},"_coverageSchema":"332fd63041d2c1bcb487cc26dd0d5f7d97098a6c","hash":"a207dd6fe2357cbd3a4a82ccf235b67b48342cbf"}
,"C:\\Users\\leonardo\\Desktop\\tripAcc-backEnd\\API\\src\\config\\router.js": {"path":"C:\\Users\\leonardo\\Desktop\\tripAcc-backEnd\\API\\src\\config\\router.js","statementMap":{"0":{"start":{"line":1,"column":16},"end":{"line":1,"column":34}},"1":{"start":{"line":3,"column":0},"end":{"line":13,"column":2}},"2":{"start":{"line":4,"column":2},"end":{"line":4,"column":37}},"3":{"start":{"line":6,"column":23},"end":{"line":6,"column":39}},"4":{"start":{"line":8,"column":2},"end":{"line":8,"column":47}},"5":{"start":{"line":9,"column":2},"end":{"line":9,"column":49}},"6":{"start":{"line":10,"column":2},"end":{"line":10,"column":53}},"7":{"start":{"line":11,"column":2},"end":{"line":11,"column":57}},"8":{"start":{"line":12,"column":2},"end":{"line":12,"column":67}}},"fnMap":{"0":{"name":"(anonymous_0)","decl":{"start":{"line":3,"column":17},"end":{"line":3,"column":18}},"loc":{"start":{"line":3,"column":26},"end":{"line":13,"column":1}},"line":3}},"branchMap":{},"s":{"0":6,"1":6,"2":6,"3":6,"4":6,"5":6,"6":6,"7":6,"8":6},"f":{"0":6},"b":{},"_coverageSchema":"332fd63041d2c1bcb487cc26dd0d5f7d97098a6c","hash":"5109a97d4dc40eafac1c9c8e42788bdcd4eb703c"}
,"C:\\Users\\leonardo\\Desktop\\tripAcc-backEnd\\API\\src\\errors\\validationError.js": {"path":"C:\\Users\\leonardo\\Desktop\\tripAcc-backEnd\\API\\src\\errors\\validationError.js","statementMap":{"0":{"start":{"line":1,"column":0},"end":{"line":4,"column":2}},"1":{"start":{"line":2,"column":2},"end":{"line":2,"column":32}},"2":{"start":{"line":3,"column":2},"end":{"line":3,"column":25}}},"fnMap":{"0":{"name":"validationError","decl":{"start":{"line":1,"column":26},"end":{"line":1,"column":41}},"loc":{"start":{"line":1,"column":51},"end":{"line":4,"column":1}},"line":1}},"branchMap":{},"s":{"0":6,"1":20,"2":20},"f":{"0":20},"b":{},"_coverageSchema":"332fd63041d2c1bcb487cc26dd0d5f7d97098a6c","hash":"1d3124272555ce6db78d8f51fca2de085d8d9819"}
,"C:\\Users\\leonardo\\Desktop\\tripAcc-backEnd\\API\\src\\routes\\auths.js": {"path":"C:\\Users\\leonardo\\Desktop\\tripAcc-backEnd\\API\\src\\routes\\auths.js","statementMap":{"0":{"start":{"line":1,"column":16},"end":{"line":1,"column":34}},"1":{"start":{"line":2,"column":12},"end":{"line":2,"column":33}},"2":{"start":{"line":3,"column":15},"end":{"line":3,"column":39}},"3":{"start":{"line":4,"column":24},"end":{"line":4,"column":60}},"4":{"start":{"line":6,"column":15},"end":{"line":6,"column":32}},"5":{"start":{"line":8,"column":0},"end":{"line":37,"column":2}},"6":{"start":{"line":9,"column":17},"end":{"line":9,"column":33}},"7":{"start":{"line":11,"column":2},"end":{"line":25,"column":5}},"8":{"start":{"line":12,"column":4},"end":{"line":24,"column":35}},"9":{"start":{"line":14,"column":8},"end":{"line":14,"column":64}},"10":{"start":{"line":14,"column":19},"end":{"line":14,"column":64}},"11":{"start":{"line":15,"column":8},"end":{"line":23,"column":63}},"12":{"start":{"line":16,"column":26},"end":{"line":20,"column":11}},"13":{"start":{"line":21,"column":24},"end":{"line":21,"column":51}},"14":{"start":{"line":22,"column":10},"end":{"line":22,"column":42}},"15":{"start":{"line":23,"column":15},"end":{"line":23,"column":63}},"16":{"start":{"line":24,"column":24},"end":{"line":24,"column":33}},"17":{"start":{"line":27,"column":2},"end":{"line":34,"column":5}},"18":{"start":{"line":28,"column":4},"end":{"line":33,"column":5}},"19":{"start":{"line":29,"column":21},"end":{"line":29,"column":59}},"20":{"start":{"line":30,"column":6},"end":{"line":30,"column":45}},"21":{"start":{"line":32,"column":6},"end":{"line":32,"column":39}},"22":{"start":{"line":36,"column":2},"end":{"line":36,"column":16}}},"fnMap":{"0":{"name":"(anonymous_0)","decl":{"start":{"line":8,"column":17},"end":{"line":8,"column":18}},"loc":{"start":{"line":8,"column":26},"end":{"line":37,"column":1}},"line":8},"1":{"name":"(anonymous_1)","decl":{"start":{"line":11,"column":25},"end":{"line":11,"column":26}},"loc":{"start":{"line":11,"column":45},"end":{"line":25,"column":3}},"line":11},"2":{"name":"(anonymous_2)","decl":{"start":{"line":13,"column":12},"end":{"line":13,"column":13}},"loc":{"start":{"line":13,"column":22},"end":{"line":24,"column":7}},"line":13},"3":{"name":"(anonymous_3)","decl":{"start":{"line":24,"column":15},"end":{"line":24,"column":16}},"loc":{"start":{"line":24,"column":24},"end":{"line":24,"column":33}},"line":24},"4":{"name":"(anonymous_4)","decl":{"start":{"line":27,"column":25},"end":{"line":27,"column":26}},"loc":{"start":{"line":27,"column":45},"end":{"line":34,"column":3}},"line":27}},"branchMap":{"0":{"loc":{"start":{"line":14,"column":8},"end":{"line":14,"column":64}},"type":"if","locations":[{"start":{"line":14,"column":8},"end":{"line":14,"column":64}},{"start":{"line":14,"column":8},"end":{"line":14,"column":64}}],"line":14},"1":{"loc":{"start":{"line":15,"column":8},"end":{"line":23,"column":63}},"type":"if","locations":[{"start":{"line":15,"column":8},"end":{"line":23,"column":63}},{"start":{"line":15,"column":8},"end":{"line":23,"column":63}}],"line":15}},"s":{"0":6,"1":6,"2":6,"3":6,"4":6,"5":6,"6":6,"7":6,"8":3,"9":3,"10":1,"11":2,"12":1,"13":1,"14":1,"15":1,"16":2,"17":6,"18":1,"19":1,"20":1,"21":0,"22":6},"f":{"0":6,"1":3,"2":3,"3":2,"4":1},"b":{"0":[1,2],"1":[1,1]},"_coverageSchema":"332fd63041d2c1bcb487cc26dd0d5f7d97098a6c","hash":"67f73c04d21c811319cceab2b7ce771076513d8f"}
,"C:\\Users\\leonardo\\Desktop\\tripAcc-backEnd\\API\\src\\routes\\despesas.js": {"path":"C:\\Users\\leonardo\\Desktop\\tripAcc-backEnd\\API\\src\\routes\\despesas.js","statementMap":{"0":{"start":{"line":1,"column":16},"end":{"line":1,"column":34}},"1":{"start":{"line":3,"column":0},"end":{"line":40,"column":2}},"2":{"start":{"line":4,"column":17},"end":{"line":4,"column":33}},"3":{"start":{"line":6,"column":2},"end":{"line":10,"column":5}},"4":{"start":{"line":7,"column":4},"end":{"line":9,"column":33}},"5":{"start":{"line":8,"column":24},"end":{"line":8,"column":52}},"6":{"start":{"line":9,"column":22},"end":{"line":9,"column":31}},"7":{"start":{"line":12,"column":2},"end":{"line":19,"column":5}},"8":{"start":{"line":13,"column":4},"end":{"line":18,"column":5}},"9":{"start":{"line":14,"column":21},"end":{"line":14,"column":63}},"10":{"start":{"line":15,"column":6},"end":{"line":15,"column":45}},"11":{"start":{"line":17,"column":6},"end":{"line":17,"column":23}},"12":{"start":{"line":21,"column":2},"end":{"line":25,"column":5}},"13":{"start":{"line":22,"column":4},"end":{"line":24,"column":33}},"14":{"start":{"line":23,"column":24},"end":{"line":23,"column":52}},"15":{"start":{"line":24,"column":22},"end":{"line":24,"column":31}},"16":{"start":{"line":27,"column":2},"end":{"line":31,"column":5}},"17":{"start":{"line":28,"column":4},"end":{"line":30,"column":33}},"18":{"start":{"line":29,"column":24},"end":{"line":29,"column":55}},"19":{"start":{"line":30,"column":22},"end":{"line":30,"column":31}},"20":{"start":{"line":33,"column":2},"end":{"line":37,"column":5}},"21":{"start":{"line":34,"column":4},"end":{"line":36,"column":33}},"22":{"start":{"line":35,"column":18},"end":{"line":35,"column":40}},"23":{"start":{"line":36,"column":22},"end":{"line":36,"column":31}},"24":{"start":{"line":39,"column":2},"end":{"line":39,"column":16}}},"fnMap":{"0":{"name":"(anonymous_0)","decl":{"start":{"line":3,"column":17},"end":{"line":3,"column":18}},"loc":{"start":{"line":3,"column":26},"end":{"line":40,"column":1}},"line":3},"1":{"name":"(anonymous_1)","decl":{"start":{"line":6,"column":18},"end":{"line":6,"column":19}},"loc":{"start":{"line":6,"column":38},"end":{"line":10,"column":3}},"line":6},"2":{"name":"(anonymous_2)","decl":{"start":{"line":8,"column":12},"end":{"line":8,"column":13}},"loc":{"start":{"line":8,"column":24},"end":{"line":8,"column":52}},"line":8},"3":{"name":"(anonymous_3)","decl":{"start":{"line":9,"column":13},"end":{"line":9,"column":14}},"loc":{"start":{"line":9,"column":22},"end":{"line":9,"column":31}},"line":9},"4":{"name":"(anonymous_4)","decl":{"start":{"line":12,"column":19},"end":{"line":12,"column":20}},"loc":{"start":{"line":12,"column":45},"end":{"line":19,"column":3}},"line":12},"5":{"name":"(anonymous_5)","decl":{"start":{"line":21,"column":21},"end":{"line":21,"column":22}},"loc":{"start":{"line":21,"column":41},"end":{"line":25,"column":3}},"line":21},"6":{"name":"(anonymous_6)","decl":{"start":{"line":23,"column":12},"end":{"line":23,"column":13}},"loc":{"start":{"line":23,"column":24},"end":{"line":23,"column":52}},"line":23},"7":{"name":"(anonymous_7)","decl":{"start":{"line":24,"column":13},"end":{"line":24,"column":14}},"loc":{"start":{"line":24,"column":22},"end":{"line":24,"column":31}},"line":24},"8":{"name":"(anonymous_8)","decl":{"start":{"line":27,"column":21},"end":{"line":27,"column":22}},"loc":{"start":{"line":27,"column":41},"end":{"line":31,"column":3}},"line":27},"9":{"name":"(anonymous_9)","decl":{"start":{"line":29,"column":12},"end":{"line":29,"column":13}},"loc":{"start":{"line":29,"column":24},"end":{"line":29,"column":55}},"line":29},"10":{"name":"(anonymous_10)","decl":{"start":{"line":30,"column":13},"end":{"line":30,"column":14}},"loc":{"start":{"line":30,"column":22},"end":{"line":30,"column":31}},"line":30},"11":{"name":"(anonymous_11)","decl":{"start":{"line":33,"column":24},"end":{"line":33,"column":25}},"loc":{"start":{"line":33,"column":44},"end":{"line":37,"column":3}},"line":33},"12":{"name":"(anonymous_12)","decl":{"start":{"line":35,"column":12},"end":{"line":35,"column":13}},"loc":{"start":{"line":35,"column":18},"end":{"line":35,"column":40}},"line":35},"13":{"name":"(anonymous_13)","decl":{"start":{"line":36,"column":13},"end":{"line":36,"column":14}},"loc":{"start":{"line":36,"column":22},"end":{"line":36,"column":31}},"line":36}},"branchMap":{},"s":{"0":6,"1":6,"2":6,"3":6,"4":1,"5":1,"6":0,"7":6,"8":4,"9":4,"10":1,"11":3,"12":6,"13":0,"14":0,"15":0,"16":6,"17":4,"18":1,"19":0,"20":6,"21":1,"22":1,"23":0,"24":6},"f":{"0":6,"1":1,"2":1,"3":0,"4":4,"5":0,"6":0,"7":0,"8":4,"9":1,"10":0,"11":1,"12":1,"13":0},"b":{},"_coverageSchema":"332fd63041d2c1bcb487cc26dd0d5f7d97098a6c","hash":"f41a236d7f56503a9950980c7f2e0e7b946d98c0"}
,"C:\\Users\\leonardo\\Desktop\\tripAcc-backEnd\\API\\src\\routes\\groups.js": {"path":"C:\\Users\\leonardo\\Desktop\\tripAcc-backEnd\\API\\src\\routes\\groups.js","statementMap":{"0":{"start":{"line":1,"column":16},"end":{"line":1,"column":34}},"1":{"start":{"line":3,"column":0},"end":{"line":40,"column":2}},"2":{"start":{"line":4,"column":17},"end":{"line":4,"column":33}},"3":{"start":{"line":6,"column":2},"end":{"line":10,"column":5}},"4":{"start":{"line":7,"column":4},"end":{"line":9,"column":33}},"5":{"start":{"line":8,"column":24},"end":{"line":8,"column":52}},"6":{"start":{"line":9,"column":22},"end":{"line":9,"column":31}},"7":{"start":{"line":12,"column":2},"end":{"line":19,"column":5}},"8":{"start":{"line":13,"column":4},"end":{"line":18,"column":5}},"9":{"start":{"line":14,"column":21},"end":{"line":14,"column":60}},"10":{"start":{"line":15,"column":6},"end":{"line":15,"column":45}},"11":{"start":{"line":17,"column":6},"end":{"line":17,"column":23}},"12":{"start":{"line":21,"column":2},"end":{"line":25,"column":5}},"13":{"start":{"line":22,"column":4},"end":{"line":24,"column":33}},"14":{"start":{"line":23,"column":24},"end":{"line":23,"column":52}},"15":{"start":{"line":24,"column":22},"end":{"line":24,"column":31}},"16":{"start":{"line":27,"column":2},"end":{"line":31,"column":5}},"17":{"start":{"line":28,"column":4},"end":{"line":30,"column":33}},"18":{"start":{"line":29,"column":24},"end":{"line":29,"column":55}},"19":{"start":{"line":30,"column":22},"end":{"line":30,"column":31}},"20":{"start":{"line":33,"column":2},"end":{"line":37,"column":5}},"21":{"start":{"line":34,"column":4},"end":{"line":36,"column":33}},"22":{"start":{"line":35,"column":18},"end":{"line":35,"column":40}},"23":{"start":{"line":36,"column":22},"end":{"line":36,"column":31}},"24":{"start":{"line":39,"column":2},"end":{"line":39,"column":16}}},"fnMap":{"0":{"name":"(anonymous_0)","decl":{"start":{"line":3,"column":17},"end":{"line":3,"column":18}},"loc":{"start":{"line":3,"column":26},"end":{"line":40,"column":1}},"line":3},"1":{"name":"(anonymous_1)","decl":{"start":{"line":6,"column":18},"end":{"line":6,"column":19}},"loc":{"start":{"line":6,"column":38},"end":{"line":10,"column":3}},"line":6},"2":{"name":"(anonymous_2)","decl":{"start":{"line":8,"column":12},"end":{"line":8,"column":13}},"loc":{"start":{"line":8,"column":24},"end":{"line":8,"column":52}},"line":8},"3":{"name":"(anonymous_3)","decl":{"start":{"line":9,"column":13},"end":{"line":9,"column":14}},"loc":{"start":{"line":9,"column":22},"end":{"line":9,"column":31}},"line":9},"4":{"name":"(anonymous_4)","decl":{"start":{"line":12,"column":19},"end":{"line":12,"column":20}},"loc":{"start":{"line":12,"column":45},"end":{"line":19,"column":3}},"line":12},"5":{"name":"(anonymous_5)","decl":{"start":{"line":21,"column":21},"end":{"line":21,"column":22}},"loc":{"start":{"line":21,"column":41},"end":{"line":25,"column":3}},"line":21},"6":{"name":"(anonymous_6)","decl":{"start":{"line":23,"column":12},"end":{"line":23,"column":13}},"loc":{"start":{"line":23,"column":24},"end":{"line":23,"column":52}},"line":23},"7":{"name":"(anonymous_7)","decl":{"start":{"line":24,"column":13},"end":{"line":24,"column":14}},"loc":{"start":{"line":24,"column":22},"end":{"line":24,"column":31}},"line":24},"8":{"name":"(anonymous_8)","decl":{"start":{"line":27,"column":21},"end":{"line":27,"column":22}},"loc":{"start":{"line":27,"column":41},"end":{"line":31,"column":3}},"line":27},"9":{"name":"(anonymous_9)","decl":{"start":{"line":29,"column":12},"end":{"line":29,"column":13}},"loc":{"start":{"line":29,"column":24},"end":{"line":29,"column":55}},"line":29},"10":{"name":"(anonymous_10)","decl":{"start":{"line":30,"column":13},"end":{"line":30,"column":14}},"loc":{"start":{"line":30,"column":22},"end":{"line":30,"column":31}},"line":30},"11":{"name":"(anonymous_11)","decl":{"start":{"line":33,"column":24},"end":{"line":33,"column":25}},"loc":{"start":{"line":33,"column":44},"end":{"line":37,"column":3}},"line":33},"12":{"name":"(anonymous_12)","decl":{"start":{"line":35,"column":12},"end":{"line":35,"column":13}},"loc":{"start":{"line":35,"column":18},"end":{"line":35,"column":40}},"line":35},"13":{"name":"(anonymous_13)","decl":{"start":{"line":36,"column":13},"end":{"line":36,"column":14}},"loc":{"start":{"line":36,"column":22},"end":{"line":36,"column":31}},"line":36}},"branchMap":{},"s":{"0":6,"1":6,"2":6,"3":6,"4":1,"5":1,"6":0,"7":6,"8":3,"9":3,"10":1,"11":2,"12":6,"13":0,"14":0,"15":0,"16":6,"17":4,"18":2,"19":0,"20":6,"21":1,"22":1,"23":0,"24":6},"f":{"0":6,"1":1,"2":1,"3":0,"4":3,"5":0,"6":0,"7":0,"8":4,"9":2,"10":0,"11":1,"12":1,"13":0},"b":{},"_coverageSchema":"332fd63041d2c1bcb487cc26dd0d5f7d97098a6c","hash":"8f18d6067e153c30a48203609cfb9e0bb00a0306"}
,"C:\\Users\\leonardo\\Desktop\\tripAcc-backEnd\\API\\src\\routes\\groupusers.js": {"path":"C:\\Users\\leonardo\\Desktop\\tripAcc-backEnd\\API\\src\\routes\\groupusers.js","statementMap":{"0":{"start":{"line":1,"column":16},"end":{"line":1,"column":34}},"1":{"start":{"line":3,"column":0},"end":{"line":46,"column":2}},"2":{"start":{"line":4,"column":17},"end":{"line":4,"column":33}},"3":{"start":{"line":6,"column":2},"end":{"line":10,"column":5}},"4":{"start":{"line":7,"column":4},"end":{"line":9,"column":33}},"5":{"start":{"line":8,"column":24},"end":{"line":8,"column":52}},"6":{"start":{"line":9,"column":22},"end":{"line":9,"column":31}},"7":{"start":{"line":12,"column":2},"end":{"line":19,"column":5}},"8":{"start":{"line":13,"column":4},"end":{"line":18,"column":5}},"9":{"start":{"line":14,"column":21},"end":{"line":14,"column":67}},"10":{"start":{"line":15,"column":6},"end":{"line":15,"column":45}},"11":{"start":{"line":17,"column":6},"end":{"line":17,"column":23}},"12":{"start":{"line":21,"column":2},"end":{"line":25,"column":5}},"13":{"start":{"line":22,"column":4},"end":{"line":24,"column":33}},"14":{"start":{"line":23,"column":24},"end":{"line":23,"column":52}},"15":{"start":{"line":24,"column":22},"end":{"line":24,"column":31}},"16":{"start":{"line":27,"column":2},"end":{"line":31,"column":5}},"17":{"start":{"line":28,"column":4},"end":{"line":30,"column":33}},"18":{"start":{"line":29,"column":24},"end":{"line":29,"column":52}},"19":{"start":{"line":30,"column":22},"end":{"line":30,"column":31}},"20":{"start":{"line":33,"column":2},"end":{"line":37,"column":5}},"21":{"start":{"line":34,"column":4},"end":{"line":36,"column":33}},"22":{"start":{"line":35,"column":24},"end":{"line":35,"column":55}},"23":{"start":{"line":36,"column":22},"end":{"line":36,"column":31}},"24":{"start":{"line":39,"column":2},"end":{"line":43,"column":5}},"25":{"start":{"line":40,"column":4},"end":{"line":42,"column":33}},"26":{"start":{"line":41,"column":18},"end":{"line":41,"column":40}},"27":{"start":{"line":42,"column":22},"end":{"line":42,"column":31}},"28":{"start":{"line":45,"column":2},"end":{"line":45,"column":16}}},"fnMap":{"0":{"name":"(anonymous_0)","decl":{"start":{"line":3,"column":17},"end":{"line":3,"column":18}},"loc":{"start":{"line":3,"column":26},"end":{"line":46,"column":1}},"line":3},"1":{"name":"(anonymous_1)","decl":{"start":{"line":6,"column":18},"end":{"line":6,"column":19}},"loc":{"start":{"line":6,"column":38},"end":{"line":10,"column":3}},"line":6},"2":{"name":"(anonymous_2)","decl":{"start":{"line":8,"column":12},"end":{"line":8,"column":13}},"loc":{"start":{"line":8,"column":24},"end":{"line":8,"column":52}},"line":8},"3":{"name":"(anonymous_3)","decl":{"start":{"line":9,"column":13},"end":{"line":9,"column":14}},"loc":{"start":{"line":9,"column":22},"end":{"line":9,"column":31}},"line":9},"4":{"name":"(anonymous_4)","decl":{"start":{"line":12,"column":19},"end":{"line":12,"column":20}},"loc":{"start":{"line":12,"column":45},"end":{"line":19,"column":3}},"line":12},"5":{"name":"(anonymous_5)","decl":{"start":{"line":21,"column":21},"end":{"line":21,"column":22}},"loc":{"start":{"line":21,"column":41},"end":{"line":25,"column":3}},"line":21},"6":{"name":"(anonymous_6)","decl":{"start":{"line":23,"column":12},"end":{"line":23,"column":13}},"loc":{"start":{"line":23,"column":24},"end":{"line":23,"column":52}},"line":23},"7":{"name":"(anonymous_7)","decl":{"start":{"line":24,"column":13},"end":{"line":24,"column":14}},"loc":{"start":{"line":24,"column":22},"end":{"line":24,"column":31}},"line":24},"8":{"name":"(anonymous_8)","decl":{"start":{"line":27,"column":31},"end":{"line":27,"column":32}},"loc":{"start":{"line":27,"column":51},"end":{"line":31,"column":3}},"line":27},"9":{"name":"(anonymous_9)","decl":{"start":{"line":29,"column":12},"end":{"line":29,"column":13}},"loc":{"start":{"line":29,"column":24},"end":{"line":29,"column":52}},"line":29},"10":{"name":"(anonymous_10)","decl":{"start":{"line":30,"column":13},"end":{"line":30,"column":14}},"loc":{"start":{"line":30,"column":22},"end":{"line":30,"column":31}},"line":30},"11":{"name":"(anonymous_11)","decl":{"start":{"line":33,"column":21},"end":{"line":33,"column":22}},"loc":{"start":{"line":33,"column":41},"end":{"line":37,"column":3}},"line":33},"12":{"name":"(anonymous_12)","decl":{"start":{"line":35,"column":12},"end":{"line":35,"column":13}},"loc":{"start":{"line":35,"column":24},"end":{"line":35,"column":55}},"line":35},"13":{"name":"(anonymous_13)","decl":{"start":{"line":36,"column":13},"end":{"line":36,"column":14}},"loc":{"start":{"line":36,"column":22},"end":{"line":36,"column":31}},"line":36},"14":{"name":"(anonymous_14)","decl":{"start":{"line":39,"column":24},"end":{"line":39,"column":25}},"loc":{"start":{"line":39,"column":44},"end":{"line":43,"column":3}},"line":39},"15":{"name":"(anonymous_15)","decl":{"start":{"line":41,"column":12},"end":{"line":41,"column":13}},"loc":{"start":{"line":41,"column":18},"end":{"line":41,"column":40}},"line":41},"16":{"name":"(anonymous_16)","decl":{"start":{"line":42,"column":13},"end":{"line":42,"column":14}},"loc":{"start":{"line":42,"column":22},"end":{"line":42,"column":31}},"line":42}},"branchMap":{},"s":{"0":6,"1":6,"2":6,"3":6,"4":1,"5":1,"6":0,"7":6,"8":3,"9":3,"10":1,"11":2,"12":6,"13":0,"14":0,"15":0,"16":6,"17":0,"18":0,"19":0,"20":6,"21":3,"22":1,"23":0,"24":6,"25":1,"26":1,"27":0,"28":6},"f":{"0":6,"1":1,"2":1,"3":0,"4":3,"5":0,"6":0,"7":0,"8":0,"9":0,"10":0,"11":3,"12":1,"13":0,"14":1,"15":1,"16":0},"b":{},"_coverageSchema":"332fd63041d2c1bcb487cc26dd0d5f7d97098a6c","hash":"eaf88e8e116db25e8f2ff81ff8b27e879e0d20d8"}
,"C:\\Users\\leonardo\\Desktop\\tripAcc-backEnd\\API\\src\\routes\\users.js": {"path":"C:\\Users\\leonardo\\Desktop\\tripAcc-backEnd\\API\\src\\routes\\users.js","statementMap":{"0":{"start":{"line":1,"column":16},"end":{"line":1,"column":34}},"1":{"start":{"line":2,"column":12},"end":{"line":2,"column":33}},"2":{"start":{"line":3,"column":18},"end":{"line":3,"column":40}},"3":{"start":{"line":5,"column":0},"end":{"line":44,"column":2}},"4":{"start":{"line":6,"column":17},"end":{"line":6,"column":33}},"5":{"start":{"line":8,"column":2},"end":{"line":20,"column":5}},"6":{"start":{"line":9,"column":17},"end":{"line":9,"column":51}},"7":{"start":{"line":10,"column":20},"end":{"line":10,"column":54}},"8":{"start":{"line":11,"column":4},"end":{"line":19,"column":43}},"9":{"start":{"line":12,"column":24},"end":{"line":18,"column":8}},"10":{"start":{"line":19,"column":19},"end":{"line":19,"column":41}},"11":{"start":{"line":22,"column":2},"end":{"line":26,"column":5}},"12":{"start":{"line":23,"column":4},"end":{"line":25,"column":33}},"13":{"start":{"line":24,"column":24},"end":{"line":24,"column":52}},"14":{"start":{"line":25,"column":22},"end":{"line":25,"column":31}},"15":{"start":{"line":28,"column":2},"end":{"line":35,"column":5}},"16":{"start":{"line":29,"column":4},"end":{"line":34,"column":5}},"17":{"start":{"line":30,"column":21},"end":{"line":30,"column":59}},"18":{"start":{"line":31,"column":6},"end":{"line":31,"column":45}},"19":{"start":{"line":33,"column":6},"end":{"line":33,"column":23}},"20":{"start":{"line":37,"column":2},"end":{"line":41,"column":5}},"21":{"start":{"line":38,"column":4},"end":{"line":40,"column":33}},"22":{"start":{"line":39,"column":18},"end":{"line":39,"column":40}},"23":{"start":{"line":40,"column":22},"end":{"line":40,"column":31}},"24":{"start":{"line":43,"column":2},"end":{"line":43,"column":16}}},"fnMap":{"0":{"name":"(anonymous_0)","decl":{"start":{"line":5,"column":17},"end":{"line":5,"column":18}},"loc":{"start":{"line":5,"column":26},"end":{"line":44,"column":1}},"line":5},"1":{"name":"(anonymous_1)","decl":{"start":{"line":8,"column":22},"end":{"line":8,"column":23}},"loc":{"start":{"line":8,"column":36},"end":{"line":20,"column":3}},"line":8},"2":{"name":"(anonymous_2)","decl":{"start":{"line":12,"column":12},"end":{"line":12,"column":13}},"loc":{"start":{"line":12,"column":24},"end":{"line":18,"column":8}},"line":12},"3":{"name":"(anonymous_3)","decl":{"start":{"line":19,"column":13},"end":{"line":19,"column":14}},"loc":{"start":{"line":19,"column":19},"end":{"line":19,"column":41}},"line":19},"4":{"name":"(anonymous_4)","decl":{"start":{"line":22,"column":18},"end":{"line":22,"column":19}},"loc":{"start":{"line":22,"column":38},"end":{"line":26,"column":3}},"line":22},"5":{"name":"(anonymous_5)","decl":{"start":{"line":24,"column":12},"end":{"line":24,"column":13}},"loc":{"start":{"line":24,"column":24},"end":{"line":24,"column":52}},"line":24},"6":{"name":"(anonymous_6)","decl":{"start":{"line":25,"column":13},"end":{"line":25,"column":14}},"loc":{"start":{"line":25,"column":22},"end":{"line":25,"column":31}},"line":25},"7":{"name":"(anonymous_7)","decl":{"start":{"line":28,"column":19},"end":{"line":28,"column":20}},"loc":{"start":{"line":28,"column":45},"end":{"line":35,"column":3}},"line":28},"8":{"name":"(anonymous_8)","decl":{"start":{"line":37,"column":24},"end":{"line":37,"column":25}},"loc":{"start":{"line":37,"column":44},"end":{"line":41,"column":3}},"line":37},"9":{"name":"(anonymous_9)","decl":{"start":{"line":39,"column":12},"end":{"line":39,"column":13}},"loc":{"start":{"line":39,"column":18},"end":{"line":39,"column":40}},"line":39},"10":{"name":"(anonymous_10)","decl":{"start":{"line":40,"column":13},"end":{"line":40,"column":14}},"loc":{"start":{"line":40,"column":22},"end":{"line":40,"column":31}},"line":40}},"branchMap":{},"s":{"0":6,"1":6,"2":6,"3":6,"4":6,"5":6,"6":0,"7":0,"8":0,"9":0,"10":0,"11":6,"12":1,"13":1,"14":0,"15":6,"16":6,"17":6,"18":2,"19":4,"20":6,"21":0,"22":0,"23":0,"24":6},"f":{"0":6,"1":0,"2":0,"3":0,"4":1,"5":1,"6":0,"7":6,"8":0,"9":0,"10":0},"b":{},"_coverageSchema":"332fd63041d2c1bcb487cc26dd0d5f7d97098a6c","hash":"cb9b075b98c1bb771551af85275defe9059d4251"}
,"C:\\Users\\leonardo\\Desktop\\tripAcc-backEnd\\API\\src\\services\\despesas.js": {"path":"C:\\Users\\leonardo\\Desktop\\tripAcc-backEnd\\API\\src\\services\\despesas.js","statementMap":{"0":{"start":{"line":1,"column":24},"end":{"line":1,"column":60}},"1":{"start":{"line":3,"column":0},"end":{"line":38,"column":2}},"2":{"start":{"line":4,"column":18},"end":{"line":6,"column":3}},"3":{"start":{"line":5,"column":4},"end":{"line":5,"column":56}},"4":{"start":{"line":8,"column":15},"end":{"line":14,"column":3}},"5":{"start":{"line":9,"column":4},"end":{"line":9,"column":92}},"6":{"start":{"line":9,"column":28},"end":{"line":9,"column":92}},"7":{"start":{"line":10,"column":4},"end":{"line":10,"column":91}},"8":{"start":{"line":10,"column":26},"end":{"line":10,"column":91}},"9":{"start":{"line":11,"column":4},"end":{"line":11,"column":100}},"10":{"start":{"line":11,"column":32},"end":{"line":11,"column":100}},"11":{"start":{"line":13,"column":4},"end":{"line":13,"column":55}},"12":{"start":{"line":16,"column":15},"end":{"line":18,"column":3}},"13":{"start":{"line":17,"column":4},"end":{"line":17,"column":55}},"14":{"start":{"line":20,"column":17},"end":{"line":27,"column":3}},"15":{"start":{"line":21,"column":4},"end":{"line":21,"column":92}},"16":{"start":{"line":21,"column":28},"end":{"line":21,"column":92}},"17":{"start":{"line":22,"column":4},"end":{"line":22,"column":91}},"18":{"start":{"line":22,"column":26},"end":{"line":22,"column":91}},"19":{"start":{"line":23,"column":4},"end":{"line":23,"column":100}},"20":{"start":{"line":23,"column":32},"end":{"line":23,"column":100}},"21":{"start":{"line":24,"column":4},"end":{"line":26,"column":29}},"22":{"start":{"line":29,"column":17},"end":{"line":33,"column":3}},"23":{"start":{"line":30,"column":4},"end":{"line":32,"column":13}},"24":{"start":{"line":35,"column":2},"end":{"line":37,"column":4}}},"fnMap":{"0":{"name":"(anonymous_0)","decl":{"start":{"line":3,"column":17},"end":{"line":3,"column":18}},"loc":{"start":{"line":3,"column":26},"end":{"line":38,"column":1}},"line":3},"1":{"name":"(anonymous_1)","decl":{"start":{"line":4,"column":18},"end":{"line":4,"column":19}},"loc":{"start":{"line":4,"column":35},"end":{"line":6,"column":3}},"line":4},"2":{"name":"(anonymous_2)","decl":{"start":{"line":8,"column":15},"end":{"line":8,"column":16}},"loc":{"start":{"line":8,"column":35},"end":{"line":14,"column":3}},"line":8},"3":{"name":"(anonymous_3)","decl":{"start":{"line":16,"column":15},"end":{"line":16,"column":16}},"loc":{"start":{"line":16,"column":32},"end":{"line":18,"column":3}},"line":16},"4":{"name":"(anonymous_4)","decl":{"start":{"line":20,"column":17},"end":{"line":20,"column":18}},"loc":{"start":{"line":20,"column":35},"end":{"line":27,"column":3}},"line":20},"5":{"name":"(anonymous_5)","decl":{"start":{"line":29,"column":17},"end":{"line":29,"column":18}},"loc":{"start":{"line":29,"column":25},"end":{"line":33,"column":3}},"line":29}},"branchMap":{"0":{"loc":{"start":{"line":4,"column":19},"end":{"line":4,"column":30}},"type":"default-arg","locations":[{"start":{"line":4,"column":28},"end":{"line":4,"column":30}}],"line":4},"1":{"loc":{"start":{"line":9,"column":4},"end":{"line":9,"column":92}},"type":"if","locations":[{"start":{"line":9,"column":4},"end":{"line":9,"column":92}},{"start":{"line":9,"column":4},"end":{"line":9,"column":92}}],"line":9},"2":{"loc":{"start":{"line":10,"column":4},"end":{"line":10,"column":91}},"type":"if","locations":[{"start":{"line":10,"column":4},"end":{"line":10,"column":91}},{"start":{"line":10,"column":4},"end":{"line":10,"column":91}}],"line":10},"3":{"loc":{"start":{"line":11,"column":4},"end":{"line":11,"column":100}},"type":"if","locations":[{"start":{"line":11,"column":4},"end":{"line":11,"column":100}},{"start":{"line":11,"column":4},"end":{"line":11,"column":100}}],"line":11},"4":{"loc":{"start":{"line":16,"column":16},"end":{"line":16,"column":27}},"type":"default-arg","locations":[{"start":{"line":16,"column":25},"end":{"line":16,"column":27}}],"line":16},"5":{"loc":{"start":{"line":21,"column":4},"end":{"line":21,"column":92}},"type":"if","locations":[{"start":{"line":21,"column":4},"end":{"line":21,"column":92}},{"start":{"line":21,"column":4},"end":{"line":21,"column":92}}],"line":21},"6":{"loc":{"start":{"line":22,"column":4},"end":{"line":22,"column":91}},"type":"if","locations":[{"start":{"line":22,"column":4},"end":{"line":22,"column":91}},{"start":{"line":22,"column":4},"end":{"line":22,"column":91}}],"line":22},"7":{"loc":{"start":{"line":23,"column":4},"end":{"line":23,"column":100}},"type":"if","locations":[{"start":{"line":23,"column":4},"end":{"line":23,"column":100}},{"start":{"line":23,"column":4},"end":{"line":23,"column":100}}],"line":23}},"s":{"0":6,"1":6,"2":6,"3":1,"4":6,"5":4,"6":1,"7":3,"8":1,"9":2,"10":1,"11":1,"12":6,"13":0,"14":6,"15":4,"16":1,"17":3,"18":1,"19":2,"20":1,"21":1,"22":6,"23":1,"24":6},"f":{"0":6,"1":1,"2":4,"3":0,"4":4,"5":1},"b":{"0":[1],"1":[1,3],"2":[1,2],"3":[1,1],"4":[0],"5":[1,3],"6":[1,2],"7":[1,1]},"_coverageSchema":"332fd63041d2c1bcb487cc26dd0d5f7d97098a6c","hash":"b42f0232c873a0c55a828550d14d806082915bdb"}
,"C:\\Users\\leonardo\\Desktop\\tripAcc-backEnd\\API\\src\\services\\group.js": {"path":"C:\\Users\\leonardo\\Desktop\\tripAcc-backEnd\\API\\src\\services\\group.js","statementMap":{"0":{"start":{"line":1,"column":24},"end":{"line":1,"column":60}},"1":{"start":{"line":3,"column":0},"end":{"line":41,"column":2}},"2":{"start":{"line":4,"column":18},"end":{"line":6,"column":3}},"3":{"start":{"line":5,"column":4},"end":{"line":5,"column":51}},"4":{"start":{"line":8,"column":15},"end":{"line":13,"column":3}},"5":{"start":{"line":9,"column":4},"end":{"line":9,"column":81}},"6":{"start":{"line":9,"column":21},"end":{"line":9,"column":81}},"7":{"start":{"line":10,"column":4},"end":{"line":10,"column":85}},"8":{"start":{"line":10,"column":22},"end":{"line":10,"column":85}},"9":{"start":{"line":12,"column":4},"end":{"line":12,"column":47}},"10":{"start":{"line":15,"column":15},"end":{"line":17,"column":3}},"11":{"start":{"line":16,"column":4},"end":{"line":16,"column":50}},"12":{"start":{"line":19,"column":17},"end":{"line":26,"column":3}},"13":{"start":{"line":20,"column":4},"end":{"line":20,"column":81}},"14":{"start":{"line":20,"column":21},"end":{"line":20,"column":81}},"15":{"start":{"line":21,"column":4},"end":{"line":21,"column":85}},"16":{"start":{"line":21,"column":22},"end":{"line":21,"column":85}},"17":{"start":{"line":23,"column":4},"end":{"line":25,"column":26}},"18":{"start":{"line":29,"column":17},"end":{"line":36,"column":3}},"19":{"start":{"line":30,"column":4},"end":{"line":32,"column":13}},"20":{"start":{"line":33,"column":4},"end":{"line":35,"column":13}},"21":{"start":{"line":38,"column":2},"end":{"line":40,"column":4}}},"fnMap":{"0":{"name":"(anonymous_0)","decl":{"start":{"line":3,"column":17},"end":{"line":3,"column":18}},"loc":{"start":{"line":3,"column":26},"end":{"line":41,"column":1}},"line":3},"1":{"name":"(anonymous_1)","decl":{"start":{"line":4,"column":18},"end":{"line":4,"column":19}},"loc":{"start":{"line":4,"column":35},"end":{"line":6,"column":3}},"line":4},"2":{"name":"(anonymous_2)","decl":{"start":{"line":8,"column":15},"end":{"line":8,"column":16}},"loc":{"start":{"line":8,"column":32},"end":{"line":13,"column":3}},"line":8},"3":{"name":"(anonymous_3)","decl":{"start":{"line":15,"column":15},"end":{"line":15,"column":16}},"loc":{"start":{"line":15,"column":32},"end":{"line":17,"column":3}},"line":15},"4":{"name":"(anonymous_4)","decl":{"start":{"line":19,"column":17},"end":{"line":19,"column":18}},"loc":{"start":{"line":19,"column":32},"end":{"line":26,"column":3}},"line":19},"5":{"name":"(anonymous_5)","decl":{"start":{"line":29,"column":17},"end":{"line":29,"column":18}},"loc":{"start":{"line":29,"column":35},"end":{"line":36,"column":3}},"line":29}},"branchMap":{"0":{"loc":{"start":{"line":4,"column":19},"end":{"line":4,"column":30}},"type":"default-arg","locations":[{"start":{"line":4,"column":28},"end":{"line":4,"column":30}}],"line":4},"1":{"loc":{"start":{"line":9,"column":4},"end":{"line":9,"column":81}},"type":"if","locations":[{"start":{"line":9,"column":4},"end":{"line":9,"column":81}},{"start":{"line":9,"column":4},"end":{"line":9,"column":81}}],"line":9},"2":{"loc":{"start":{"line":10,"column":4},"end":{"line":10,"column":85}},"type":"if","locations":[{"start":{"line":10,"column":4},"end":{"line":10,"column":85}},{"start":{"line":10,"column":4},"end":{"line":10,"column":85}}],"line":10},"3":{"loc":{"start":{"line":15,"column":16},"end":{"line":15,"column":27}},"type":"default-arg","locations":[{"start":{"line":15,"column":25},"end":{"line":15,"column":27}}],"line":15},"4":{"loc":{"start":{"line":20,"column":4},"end":{"line":20,"column":81}},"type":"if","locations":[{"start":{"line":20,"column":4},"end":{"line":20,"column":81}},{"start":{"line":20,"column":4},"end":{"line":20,"column":81}}],"line":20},"5":{"loc":{"start":{"line":21,"column":4},"end":{"line":21,"column":85}},"type":"if","locations":[{"start":{"line":21,"column":4},"end":{"line":21,"column":85}},{"start":{"line":21,"column":4},"end":{"line":21,"column":85}}],"line":21}},"s":{"0":6,"1":6,"2":6,"3":1,"4":6,"5":3,"6":1,"7":2,"8":1,"9":1,"10":6,"11":0,"12":6,"13":4,"14":1,"15":3,"16":1,"17":2,"18":6,"19":1,"20":1,"21":6},"f":{"0":6,"1":1,"2":3,"3":0,"4":4,"5":1},"b":{"0":[1],"1":[1,2],"2":[1,1],"3":[0],"4":[1,3],"5":[1,2]},"_coverageSchema":"332fd63041d2c1bcb487cc26dd0d5f7d97098a6c","hash":"ee6498c27ddf04e0abc64766ee4361bd47a53d31"}
,"C:\\Users\\leonardo\\Desktop\\tripAcc-backEnd\\API\\src\\services\\groupMembers.js": {"path":"C:\\Users\\leonardo\\Desktop\\tripAcc-backEnd\\API\\src\\services\\groupMembers.js","statementMap":{"0":{"start":{"line":1,"column":24},"end":{"line":1,"column":60}},"1":{"start":{"line":3,"column":0},"end":{"line":40,"column":2}},"2":{"start":{"line":4,"column":18},"end":{"line":6,"column":3}},"3":{"start":{"line":5,"column":4},"end":{"line":5,"column":56}},"4":{"start":{"line":8,"column":15},"end":{"line":12,"column":3}},"5":{"start":{"line":9,"column":4},"end":{"line":9,"column":82}},"6":{"start":{"line":9,"column":29},"end":{"line":9,"column":82}},"7":{"start":{"line":10,"column":4},"end":{"line":10,"column":91}},"8":{"start":{"line":10,"column":30},"end":{"line":10,"column":91}},"9":{"start":{"line":11,"column":4},"end":{"line":11,"column":57}},"10":{"start":{"line":14,"column":15},"end":{"line":16,"column":3}},"11":{"start":{"line":15,"column":4},"end":{"line":15,"column":56}},"12":{"start":{"line":19,"column":20},"end":{"line":21,"column":3}},"13":{"start":{"line":20,"column":4},"end":{"line":20,"column":67}},"14":{"start":{"line":23,"column":17},"end":{"line":29,"column":3}},"15":{"start":{"line":24,"column":4},"end":{"line":24,"column":82}},"16":{"start":{"line":24,"column":29},"end":{"line":24,"column":82}},"17":{"start":{"line":25,"column":4},"end":{"line":25,"column":91}},"18":{"start":{"line":25,"column":30},"end":{"line":25,"column":91}},"19":{"start":{"line":26,"column":4},"end":{"line":28,"column":31}},"20":{"start":{"line":31,"column":17},"end":{"line":35,"column":3}},"21":{"start":{"line":32,"column":4},"end":{"line":34,"column":13}},"22":{"start":{"line":37,"column":2},"end":{"line":39,"column":4}}},"fnMap":{"0":{"name":"(anonymous_0)","decl":{"start":{"line":3,"column":17},"end":{"line":3,"column":18}},"loc":{"start":{"line":3,"column":26},"end":{"line":40,"column":1}},"line":3},"1":{"name":"(anonymous_1)","decl":{"start":{"line":4,"column":18},"end":{"line":4,"column":19}},"loc":{"start":{"line":4,"column":35},"end":{"line":6,"column":3}},"line":4},"2":{"name":"(anonymous_2)","decl":{"start":{"line":8,"column":15},"end":{"line":8,"column":16}},"loc":{"start":{"line":8,"column":37},"end":{"line":12,"column":3}},"line":8},"3":{"name":"(anonymous_3)","decl":{"start":{"line":14,"column":15},"end":{"line":14,"column":16}},"loc":{"start":{"line":14,"column":32},"end":{"line":16,"column":3}},"line":14},"4":{"name":"(anonymous_4)","decl":{"start":{"line":19,"column":20},"end":{"line":19,"column":21}},"loc":{"start":{"line":19,"column":34},"end":{"line":21,"column":3}},"line":19},"5":{"name":"(anonymous_5)","decl":{"start":{"line":23,"column":17},"end":{"line":23,"column":18}},"loc":{"start":{"line":23,"column":37},"end":{"line":29,"column":3}},"line":23},"6":{"name":"(anonymous_6)","decl":{"start":{"line":31,"column":17},"end":{"line":31,"column":18}},"loc":{"start":{"line":31,"column":25},"end":{"line":35,"column":3}},"line":31}},"branchMap":{"0":{"loc":{"start":{"line":4,"column":19},"end":{"line":4,"column":30}},"type":"default-arg","locations":[{"start":{"line":4,"column":28},"end":{"line":4,"column":30}}],"line":4},"1":{"loc":{"start":{"line":9,"column":4},"end":{"line":9,"column":82}},"type":"if","locations":[{"start":{"line":9,"column":4},"end":{"line":9,"column":82}},{"start":{"line":9,"column":4},"end":{"line":9,"column":82}}],"line":9},"2":{"loc":{"start":{"line":10,"column":4},"end":{"line":10,"column":91}},"type":"if","locations":[{"start":{"line":10,"column":4},"end":{"line":10,"column":91}},{"start":{"line":10,"column":4},"end":{"line":10,"column":91}}],"line":10},"3":{"loc":{"start":{"line":14,"column":16},"end":{"line":14,"column":27}},"type":"default-arg","locations":[{"start":{"line":14,"column":25},"end":{"line":14,"column":27}}],"line":14},"4":{"loc":{"start":{"line":24,"column":4},"end":{"line":24,"column":82}},"type":"if","locations":[{"start":{"line":24,"column":4},"end":{"line":24,"column":82}},{"start":{"line":24,"column":4},"end":{"line":24,"column":82}}],"line":24},"5":{"loc":{"start":{"line":25,"column":4},"end":{"line":25,"column":91}},"type":"if","locations":[{"start":{"line":25,"column":4},"end":{"line":25,"column":91}},{"start":{"line":25,"column":4},"end":{"line":25,"column":91}}],"line":25}},"s":{"0":6,"1":6,"2":6,"3":1,"4":6,"5":3,"6":1,"7":2,"8":1,"9":1,"10":6,"11":0,"12":6,"13":0,"14":6,"15":3,"16":1,"17":2,"18":1,"19":1,"20":6,"21":1,"22":6},"f":{"0":6,"1":1,"2":3,"3":0,"4":0,"5":3,"6":1},"b":{"0":[1],"1":[1,2],"2":[1,1],"3":[0],"4":[1,2],"5":[1,1]},"_coverageSchema":"332fd63041d2c1bcb487cc26dd0d5f7d97098a6c","hash":"3939dc293fb22c4448d461c528d04118f7bab884"}
,"C:\\Users\\leonardo\\Desktop\\tripAcc-backEnd\\API\\src\\services\\user.js": {"path":"C:\\Users\\leonardo\\Desktop\\tripAcc-backEnd\\API\\src\\services\\user.js","statementMap":{"0":{"start":{"line":1,"column":15},"end":{"line":1,"column":39}},"1":{"start":{"line":2,"column":24},"end":{"line":2,"column":60}},"2":{"start":{"line":4,"column":0},"end":{"line":41,"column":2}},"3":{"start":{"line":5,"column":18},"end":{"line":7,"column":3}},"4":{"start":{"line":6,"column":4},"end":{"line":6,"column":50}},"5":{"start":{"line":9,"column":18},"end":{"line":12,"column":3}},"6":{"start":{"line":10,"column":19},"end":{"line":10,"column":62}},"7":{"start":{"line":11,"column":4},"end":{"line":11,"column":18}},"8":{"start":{"line":14,"column":24},"end":{"line":17,"column":3}},"9":{"start":{"line":15,"column":17},"end":{"line":15,"column":39}},"10":{"start":{"line":16,"column":4},"end":{"line":16,"column":43}},"11":{"start":{"line":19,"column":15},"end":{"line":30,"column":3}},"12":{"start":{"line":20,"column":4},"end":{"line":20,"column":80}},"13":{"start":{"line":20,"column":20},"end":{"line":20,"column":80}},"14":{"start":{"line":21,"column":4},"end":{"line":21,"column":84}},"15":{"start":{"line":21,"column":21},"end":{"line":21,"column":84}},"16":{"start":{"line":22,"column":4},"end":{"line":22,"column":95}},"17":{"start":{"line":22,"column":24},"end":{"line":22,"column":95}},"18":{"start":{"line":24,"column":19},"end":{"line":24,"column":55}},"19":{"start":{"line":25,"column":4},"end":{"line":25,"column":67}},"20":{"start":{"line":25,"column":16},"end":{"line":25,"column":67}},"21":{"start":{"line":27,"column":20},"end":{"line":27,"column":31}},"22":{"start":{"line":28,"column":4},"end":{"line":28,"column":52}},"23":{"start":{"line":29,"column":4},"end":{"line":29,"column":68}},"24":{"start":{"line":32,"column":17},"end":{"line":36,"column":3}},"25":{"start":{"line":33,"column":4},"end":{"line":35,"column":13}},"26":{"start":{"line":38,"column":2},"end":{"line":40,"column":4}}},"fnMap":{"0":{"name":"(anonymous_0)","decl":{"start":{"line":4,"column":17},"end":{"line":4,"column":18}},"loc":{"start":{"line":4,"column":26},"end":{"line":41,"column":1}},"line":4},"1":{"name":"(anonymous_1)","decl":{"start":{"line":5,"column":18},"end":{"line":5,"column":19}},"loc":{"start":{"line":5,"column":35},"end":{"line":7,"column":3}},"line":5},"2":{"name":"(anonymous_2)","decl":{"start":{"line":9,"column":18},"end":{"line":9,"column":19}},"loc":{"start":{"line":9,"column":41},"end":{"line":12,"column":3}},"line":9},"3":{"name":"(anonymous_3)","decl":{"start":{"line":14,"column":24},"end":{"line":14,"column":25}},"loc":{"start":{"line":14,"column":38},"end":{"line":17,"column":3}},"line":14},"4":{"name":"(anonymous_4)","decl":{"start":{"line":19,"column":15},"end":{"line":19,"column":16}},"loc":{"start":{"line":19,"column":31},"end":{"line":30,"column":3}},"line":19},"5":{"name":"(anonymous_5)","decl":{"start":{"line":32,"column":17},"end":{"line":32,"column":18}},"loc":{"start":{"line":32,"column":25},"end":{"line":36,"column":3}},"line":32}},"branchMap":{"0":{"loc":{"start":{"line":5,"column":19},"end":{"line":5,"column":30}},"type":"default-arg","locations":[{"start":{"line":5,"column":28},"end":{"line":5,"column":30}}],"line":5},"1":{"loc":{"start":{"line":9,"column":25},"end":{"line":9,"column":36}},"type":"default-arg","locations":[{"start":{"line":9,"column":34},"end":{"line":9,"column":36}}],"line":9},"2":{"loc":{"start":{"line":20,"column":4},"end":{"line":20,"column":80}},"type":"if","locations":[{"start":{"line":20,"column":4},"end":{"line":20,"column":80}},{"start":{"line":20,"column":4},"end":{"line":20,"column":80}}],"line":20},"3":{"loc":{"start":{"line":21,"column":4},"end":{"line":21,"column":84}},"type":"if","locations":[{"start":{"line":21,"column":4},"end":{"line":21,"column":84}},{"start":{"line":21,"column":4},"end":{"line":21,"column":84}}],"line":21},"4":{"loc":{"start":{"line":22,"column":4},"end":{"line":22,"column":95}},"type":"if","locations":[{"start":{"line":22,"column":4},"end":{"line":22,"column":95}},{"start":{"line":22,"column":4},"end":{"line":22,"column":95}}],"line":22},"5":{"loc":{"start":{"line":25,"column":4},"end":{"line":25,"column":67}},"type":"if","locations":[{"start":{"line":25,"column":4},"end":{"line":25,"column":67}},{"start":{"line":25,"column":4},"end":{"line":25,"column":67}}],"line":25}},"s":{"0":6,"1":6,"2":6,"3":6,"4":1,"5":6,"6":48,"7":48,"8":6,"9":9,"10":9,"11":6,"12":13,"13":1,"14":12,"15":1,"16":11,"17":1,"18":10,"19":10,"20":1,"21":9,"22":9,"23":9,"24":6,"25":0,"26":6},"f":{"0":6,"1":1,"2":48,"3":9,"4":13,"5":0},"b":{"0":[1],"1":[0],"2":[1,12],"3":[1,11],"4":[1,10],"5":[1,9]},"_coverageSchema":"332fd63041d2c1bcb487cc26dd0d5f7d97098a6c","hash":"487f62b84a95c82201730b96db82bcd7b19e51aa"}
}
