TN:
SF:C:\Users\leonardo\Desktop\tripAcc-backEnd\API\knexfile.js
FNF:0
FNH:0
DA:1,6
LF:1
LH:1
BRF:0
BRH:0
end_of_record
TN:
SF:C:\Users\leonardo\Desktop\tripAcc-backEnd\API\src\app.js
FN:17,(anonymous_0)
FN:21,(anonymous_1)
FNF:2
FNH:2
FNDA:1,(anonymous_0)
FNDA:20,(anonymous_1)
DA:1,6
DA:2,6
DA:4,6
DA:5,6
DA:7,6
DA:9,6
DA:17,6
DA:18,1
DA:21,6
DA:22,20
DA:23,20
DA:24,20
DA:25,20
DA:26,0
DA:29,6
LF:15
LH:14
BRDA:23,0,0,20
BRDA:23,0,1,0
BRDA:24,1,0,0
BRDA:24,1,1,20
BRF:4
BRH:2
end_of_record
TN:
SF:C:\Users\leonardo\Desktop\tripAcc-backEnd\API\src\constant.js
FN:1,define
FNF:1
FNH:1
FNDA:6,define
DA:2,6
DA:8,6
LF:2
LH:2
BRF:0
BRH:0
end_of_record
TN:
SF:C:\Users\leonardo\Desktop\tripAcc-backEnd\API\src\config\middlewares.js
FN:4,(anonymous_0)
FNF:1
FNH:1
FNDA:6,(anonymous_0)
DA:1,6
DA:2,6
DA:4,6
DA:5,6
DA:7,6
LF:5
LH:5
BRF:0
BRH:0
end_of_record
TN:
SF:C:\Users\leonardo\Desktop\tripAcc-backEnd\API\src\config\passport.js
FN:8,(anonymous_0)
FN:14,(anonymous_1)
FN:16,(anonymous_2)
FN:19,(anonymous_3)
FN:25,(anonymous_4)
FNF:5
FNH:4
FNDA:6,(anonymous_0)
FNDA:34,(anonymous_1)
FNDA:34,(anonymous_2)
FNDA:0,(anonymous_3)
FNDA:6,(anonymous_4)
DA:1,6
DA:2,6
DA:4,6
DA:6,6
DA:8,6
DA:9,6
DA:14,6
DA:15,34
DA:17,34
DA:18,0
DA:19,0
DA:22,6
DA:24,6
DA:25,6
LF:14
LH:12
BRDA:17,0,0,34
BRDA:17,0,1,0
BRF:2
BRH:1
end_of_record
TN:
SF:C:\Users\leonardo\Desktop\tripAcc-backEnd\API\src\config\router.js
FN:3,(anonymous_0)
FNF:1
FNH:1
FNDA:6,(anonymous_0)
DA:1,6
DA:3,6
DA:4,6
DA:6,6
DA:8,6
DA:9,6
DA:10,6
DA:11,6
DA:12,6
LF:9
LH:9
BRF:0
BRH:0
end_of_record
TN:
SF:C:\Users\leonardo\Desktop\tripAcc-backEnd\API\src\errors\validationError.js
FN:1,validationError
FNF:1
FNH:1
FNDA:20,validationError
DA:1,6
DA:2,20
DA:3,20
LF:3
LH:3
BRF:0
BRH:0
end_of_record
TN:
SF:C:\Users\leonardo\Desktop\tripAcc-backEnd\API\src\routes\auths.js
FN:8,(anonymous_0)
FN:11,(anonymous_1)
FN:13,(anonymous_2)
FN:24,(anonymous_3)
FN:27,(anonymous_4)
FNF:5
FNH:5
FNDA:6,(anonymous_0)
FNDA:3,(anonymous_1)
FNDA:3,(anonymous_2)
FNDA:2,(anonymous_3)
FNDA:1,(anonymous_4)
DA:1,6
DA:2,6
DA:3,6
DA:4,6
DA:6,6
DA:8,6
DA:9,6
DA:11,6
DA:12,3
DA:14,3
DA:15,2
DA:16,1
DA:21,1
DA:22,1
DA:23,1
DA:24,2
DA:27,6
DA:28,1
DA:29,1
DA:30,1
DA:32,0
DA:36,6
LF:22
LH:21
BRDA:14,0,0,1
BRDA:14,0,1,2
BRDA:15,1,0,1
BRDA:15,1,1,1
BRF:4
BRH:4
end_of_record
TN:
SF:C:\Users\leonardo\Desktop\tripAcc-backEnd\API\src\routes\despesas.js
FN:3,(anonymous_0)
FN:6,(anonymous_1)
FN:8,(anonymous_2)
FN:9,(anonymous_3)
FN:12,(anonymous_4)
FN:21,(anonymous_5)
FN:23,(anonymous_6)
FN:24,(anonymous_7)
FN:27,(anonymous_8)
FN:29,(anonymous_9)
FN:30,(anonymous_10)
FN:33,(anonymous_11)
FN:35,(anonymous_12)
FN:36,(anonymous_13)
FNF:14
FNH:8
FNDA:6,(anonymous_0)
FNDA:1,(anonymous_1)
FNDA:1,(anonymous_2)
FNDA:0,(anonymous_3)
FNDA:4,(anonymous_4)
FNDA:0,(anonymous_5)
FNDA:0,(anonymous_6)
FNDA:0,(anonymous_7)
FNDA:4,(anonymous_8)
FNDA:1,(anonymous_9)
FNDA:0,(anonymous_10)
FNDA:1,(anonymous_11)
FNDA:1,(anonymous_12)
FNDA:0,(anonymous_13)
DA:1,6
DA:3,6
DA:4,6
DA:6,6
DA:7,1
DA:8,1
DA:9,0
DA:12,6
DA:13,4
DA:14,4
DA:15,1
DA:17,3
DA:21,6
DA:22,0
DA:23,0
DA:24,0
DA:27,6
DA:28,4
DA:29,1
DA:30,0
DA:33,6
DA:34,1
DA:35,1
DA:36,0
DA:39,6
LF:25
LH:19
BRF:0
BRH:0
end_of_record
TN:
SF:C:\Users\leonardo\Desktop\tripAcc-backEnd\API\src\routes\groups.js
FN:3,(anonymous_0)
FN:6,(anonymous_1)
FN:8,(anonymous_2)
FN:9,(anonymous_3)
FN:12,(anonymous_4)
FN:21,(anonymous_5)
FN:23,(anonymous_6)
FN:24,(anonymous_7)
FN:27,(anonymous_8)
FN:29,(anonymous_9)
FN:30,(anonymous_10)
FN:33,(anonymous_11)
FN:35,(anonymous_12)
FN:36,(anonymous_13)
FNF:14
FNH:8
FNDA:6,(anonymous_0)
FNDA:1,(anonymous_1)
FNDA:1,(anonymous_2)
FNDA:0,(anonymous_3)
FNDA:3,(anonymous_4)
FNDA:0,(anonymous_5)
FNDA:0,(anonymous_6)
FNDA:0,(anonymous_7)
FNDA:4,(anonymous_8)
FNDA:2,(anonymous_9)
FNDA:0,(anonymous_10)
FNDA:1,(anonymous_11)
FNDA:1,(anonymous_12)
FNDA:0,(anonymous_13)
DA:1,6
DA:3,6
DA:4,6
DA:6,6
DA:7,1
DA:8,1
DA:9,0
DA:12,6
DA:13,3
DA:14,3
DA:15,1
DA:17,2
DA:21,6
DA:22,0
DA:23,0
DA:24,0
DA:27,6
DA:28,4
DA:29,2
DA:30,0
DA:33,6
DA:34,1
DA:35,1
DA:36,0
DA:39,6
LF:25
LH:19
BRF:0
BRH:0
end_of_record
TN:
SF:C:\Users\leonardo\Desktop\tripAcc-backEnd\API\src\routes\groupusers.js
FN:3,(anonymous_0)
FN:6,(anonymous_1)
FN:8,(anonymous_2)
FN:9,(anonymous_3)
FN:12,(anonymous_4)
FN:21,(anonymous_5)
FN:23,(anonymous_6)
FN:24,(anonymous_7)
FN:27,(anonymous_8)
FN:29,(anonymous_9)
FN:30,(anonymous_10)
FN:33,(anonymous_11)
FN:35,(anonymous_12)
FN:36,(anonymous_13)
FN:39,(anonymous_14)
FN:41,(anonymous_15)
FN:42,(anonymous_16)
FNF:17
FNH:8
FNDA:6,(anonymous_0)
FNDA:1,(anonymous_1)
FNDA:1,(anonymous_2)
FNDA:0,(anonymous_3)
FNDA:3,(anonymous_4)
FNDA:0,(anonymous_5)
FNDA:0,(anonymous_6)
FNDA:0,(anonymous_7)
FNDA:0,(anonymous_8)
FNDA:0,(anonymous_9)
FNDA:0,(anonymous_10)
FNDA:3,(anonymous_11)
FNDA:1,(anonymous_12)
FNDA:0,(anonymous_13)
FNDA:1,(anonymous_14)
FNDA:1,(anonymous_15)
FNDA:0,(anonymous_16)
DA:1,6
DA:3,6
DA:4,6
DA:6,6
DA:7,1
DA:8,1
DA:9,0
DA:12,6
DA:13,3
DA:14,3
DA:15,1
DA:17,2
DA:21,6
DA:22,0
DA:23,0
DA:24,0
DA:27,6
DA:28,0
DA:29,0
DA:30,0
DA:33,6
DA:34,3
DA:35,1
DA:36,0
DA:39,6
DA:40,1
DA:41,1
DA:42,0
DA:45,6
LF:29
LH:20
BRF:0
BRH:0
end_of_record
TN:
SF:C:\Users\leonardo\Desktop\tripAcc-backEnd\API\src\routes\users.js
FN:5,(anonymous_0)
FN:8,(anonymous_1)
FN:12,(anonymous_2)
FN:19,(anonymous_3)
FN:22,(anonymous_4)
FN:24,(anonymous_5)
FN:25,(anonymous_6)
FN:28,(anonymous_7)
FN:37,(anonymous_8)
FN:39,(anonymous_9)
FN:40,(anonymous_10)
FNF:11
FNH:4
FNDA:6,(anonymous_0)
FNDA:0,(anonymous_1)
FNDA:0,(anonymous_2)
FNDA:0,(anonymous_3)
FNDA:1,(anonymous_4)
FNDA:1,(anonymous_5)
FNDA:0,(anonymous_6)
FNDA:6,(anonymous_7)
FNDA:0,(anonymous_8)
FNDA:0,(anonymous_9)
FNDA:0,(anonymous_10)
DA:1,6
DA:2,6
DA:3,6
DA:5,6
DA:6,6
DA:8,6
DA:9,0
DA:10,0
DA:11,0
DA:12,0
DA:19,0
DA:22,6
DA:23,1
DA:24,1
DA:25,0
DA:28,6
DA:29,6
DA:30,6
DA:31,2
DA:33,4
DA:37,6
DA:38,0
DA:39,0
DA:40,0
DA:43,6
LF:25
LH:16
BRF:0
BRH:0
end_of_record
TN:
SF:C:\Users\leonardo\Desktop\tripAcc-backEnd\API\src\services\despesas.js
FN:3,(anonymous_0)
FN:4,(anonymous_1)
FN:8,(anonymous_2)
FN:16,(anonymous_3)
FN:20,(anonymous_4)
FN:29,(anonymous_5)
FNF:6
FNH:5
FNDA:6,(anonymous_0)
FNDA:1,(anonymous_1)
FNDA:4,(anonymous_2)
FNDA:0,(anonymous_3)
FNDA:4,(anonymous_4)
FNDA:1,(anonymous_5)
DA:1,6
DA:3,6
DA:4,6
DA:5,1
DA:8,6
DA:9,4
DA:10,3
DA:11,2
DA:13,1
DA:16,6
DA:17,0
DA:20,6
DA:21,4
DA:22,3
DA:23,2
DA:24,1
DA:29,6
DA:30,1
DA:35,6
LF:19
LH:18
BRDA:4,0,0,1
BRDA:9,1,0,1
BRDA:9,1,1,3
BRDA:10,2,0,1
BRDA:10,2,1,2
BRDA:11,3,0,1
BRDA:11,3,1,1
BRDA:16,4,0,0
BRDA:21,5,0,1
BRDA:21,5,1,3
BRDA:22,6,0,1
BRDA:22,6,1,2
BRDA:23,7,0,1
BRDA:23,7,1,1
BRF:14
BRH:13
end_of_record
TN:
SF:C:\Users\leonardo\Desktop\tripAcc-backEnd\API\src\services\group.js
FN:3,(anonymous_0)
FN:4,(anonymous_1)
FN:8,(anonymous_2)
FN:15,(anonymous_3)
FN:19,(anonymous_4)
FN:29,(anonymous_5)
FNF:6
FNH:5
FNDA:6,(anonymous_0)
FNDA:1,(anonymous_1)
FNDA:3,(anonymous_2)
FNDA:0,(anonymous_3)
FNDA:4,(anonymous_4)
FNDA:1,(anonymous_5)
DA:1,6
DA:3,6
DA:4,6
DA:5,1
DA:8,6
DA:9,3
DA:10,2
DA:12,1
DA:15,6
DA:16,0
DA:19,6
DA:20,4
DA:21,3
DA:23,2
DA:29,6
DA:30,1
DA:33,1
DA:38,6
LF:18
LH:17
BRDA:4,0,0,1
BRDA:9,1,0,1
BRDA:9,1,1,2
BRDA:10,2,0,1
BRDA:10,2,1,1
BRDA:15,3,0,0
BRDA:20,4,0,1
BRDA:20,4,1,3
BRDA:21,5,0,1
BRDA:21,5,1,2
BRF:10
BRH:9
end_of_record
TN:
SF:C:\Users\leonardo\Desktop\tripAcc-backEnd\API\src\services\groupMembers.js
FN:3,(anonymous_0)
FN:4,(anonymous_1)
FN:8,(anonymous_2)
FN:14,(anonymous_3)
FN:19,(anonymous_4)
FN:23,(anonymous_5)
FN:31,(anonymous_6)
FNF:7
FNH:5
FNDA:6,(anonymous_0)
FNDA:1,(anonymous_1)
FNDA:3,(anonymous_2)
FNDA:0,(anonymous_3)
FNDA:0,(anonymous_4)
FNDA:3,(anonymous_5)
FNDA:1,(anonymous_6)
DA:1,6
DA:3,6
DA:4,6
DA:5,1
DA:8,6
DA:9,3
DA:10,2
DA:11,1
DA:14,6
DA:15,0
DA:19,6
DA:20,0
DA:23,6
DA:24,3
DA:25,2
DA:26,1
DA:31,6
DA:32,1
DA:37,6
LF:19
LH:17
BRDA:4,0,0,1
BRDA:9,1,0,1
BRDA:9,1,1,2
BRDA:10,2,0,1
BRDA:10,2,1,1
BRDA:14,3,0,0
BRDA:24,4,0,1
BRDA:24,4,1,2
BRDA:25,5,0,1
BRDA:25,5,1,1
BRF:10
BRH:9
end_of_record
TN:
SF:C:\Users\leonardo\Desktop\tripAcc-backEnd\API\src\services\user.js
FN:4,(anonymous_0)
FN:5,(anonymous_1)
FN:9,(anonymous_2)
FN:14,(anonymous_3)
FN:19,(anonymous_4)
FN:32,(anonymous_5)
FNF:6
FNH:5
FNDA:6,(anonymous_0)
FNDA:1,(anonymous_1)
FNDA:48,(anonymous_2)
FNDA:9,(anonymous_3)
FNDA:13,(anonymous_4)
FNDA:0,(anonymous_5)
DA:1,6
DA:2,6
DA:4,6
DA:5,6
DA:6,1
DA:9,6
DA:10,48
DA:11,48
DA:14,6
DA:15,9
DA:16,9
DA:19,6
DA:20,13
DA:21,12
DA:22,11
DA:24,10
DA:25,10
DA:27,9
DA:28,9
DA:29,9
DA:32,6
DA:33,0
DA:38,6
LF:23
LH:22
BRDA:5,0,0,1
BRDA:9,1,0,0
BRDA:20,2,0,1
BRDA:20,2,1,12
BRDA:21,3,0,1
BRDA:21,3,1,11
BRDA:22,4,0,1
BRDA:22,4,1,10
BRDA:25,5,0,1
BRDA:25,5,1,9
BRF:10
BRH:9
end_of_record
